This file contains any messages produced by compilers while
running configure, to aid debugging if configure makes a mistake.

It was created by libspatialite configure 4.5.0-devel, which was
generated by GNU Autoconf 2.69.  Invocation command line was

  $ ./configure --disable-knn --disable-freexl --disable-geosreentrant

## --------- ##
## Platform. ##
## --------- ##

hostname = localhost.localdomain
uname -m = x86_64
uname -r = 3.10.0-957.el7.x86_64
uname -s = Linux
uname -v = #1 SMP Thu Nov 8 23:39:32 UTC 2018

/usr/bin/uname -p = x86_64
/bin/uname -X     = unknown

/bin/arch              = x86_64
/usr/bin/arch -k       = unknown
/usr/convex/getsysinfo = unknown
/usr/bin/hostinfo      = unknown
/bin/machine           = unknown
/usr/bin/oslevel       = unknown
/bin/universe          = unknown

PATH: /usr/local/bin
PATH: /usr/local/sbin
PATH: /usr/bin
PATH: /usr/sbin
PATH: /bin
PATH: /sbin
PATH: /home/cent/.local/bin
PATH: /home/cent/bin


## ----------- ##
## Core tests. ##
## ----------- ##

configure:2575: checking for a BSD-compatible install
configure:2643: result: /usr/bin/install -c
configure:2654: checking whether build environment is sane
configure:2709: result: yes
configure:2747: WARNING: 'missing' script is too old or missing
configure:2860: checking for a thread-safe mkdir -p
configure:2899: result: /usr/bin/mkdir -p
configure:2906: checking for gawk
configure:2922: found /usr/bin/gawk
configure:2933: result: gawk
configure:2944: checking whether make sets $(MAKE)
configure:2966: result: yes
configure:2995: checking whether make supports nested variables
configure:3012: result: yes
configure:3139: checking whether to enable maintainer-specific portions of Makefiles
configure:3148: result: no
configure:3212: checking for style of include used by make
configure:3240: result: GNU
configure:3311: checking for gcc
configure:3327: found /usr/bin/gcc
configure:3338: result: gcc
configure:3567: checking for C compiler version
configure:3576: gcc --version >&5
gcc (GCC) 4.8.5 20150623 (Red Hat 4.8.5-36)
Copyright (C) 2015 Free Software Foundation, Inc.
This is free software; see the source for copying conditions.  There is NO
warranty; not even for MERCHANTABILITY or FITNESS FOR A PARTICULAR PURPOSE.

configure:3587: $? = 0
configure:3576: gcc -v >&5
Using built-in specs.
COLLECT_GCC=gcc
COLLECT_LTO_WRAPPER=/usr/libexec/gcc/x86_64-redhat-linux/4.8.5/lto-wrapper
Target: x86_64-redhat-linux
Configured with: ../configure --prefix=/usr --mandir=/usr/share/man --infodir=/usr/share/info --with-bugurl=http://bugzilla.redhat.com/bugzilla --enable-bootstrap --enable-shared --enable-threads=posix --enable-checking=release --with-system-zlib --enable-__cxa_atexit --disable-libunwind-exceptions --enable-gnu-unique-object --enable-linker-build-id --with-linker-hash-style=gnu --enable-languages=c,c++,objc,obj-c++,java,fortran,ada,go,lto --enable-plugin --enable-initfini-array --disable-libgcj --with-isl=/builddir/build/BUILD/gcc-4.8.5-20150702/obj-x86_64-redhat-linux/isl-install --with-cloog=/builddir/build/BUILD/gcc-4.8.5-20150702/obj-x86_64-redhat-linux/cloog-install --enable-gnu-indirect-function --with-tune=generic --with-arch_32=x86-64 --build=x86_64-redhat-linux
Thread model: posix
gcc version 4.8.5 20150623 (Red Hat 4.8.5-36) (GCC) 
configure:3587: $? = 0
configure:3576: gcc -V >&5
gcc: error: unrecognized command line option '-V'
gcc: fatal error: no input files
compilation terminated.
configure:3587: $? = 4
configure:3576: gcc -qversion >&5
gcc: error: unrecognized command line option '-qversion'
gcc: fatal error: no input files
compilation terminated.
configure:3587: $? = 4
configure:3607: checking whether the C compiler works
configure:3629: gcc    conftest.c  >&5
configure:3633: $? = 0
configure:3681: result: yes
configure:3684: checking for C compiler default output file name
configure:3686: result: a.out
configure:3692: checking for suffix of executables
configure:3699: gcc -o conftest    conftest.c  >&5
configure:3703: $? = 0
configure:3725: result: 
configure:3747: checking whether we are cross compiling
configure:3755: gcc -o conftest    conftest.c  >&5
configure:3759: $? = 0
configure:3766: ./conftest
configure:3770: $? = 0
configure:3785: result: no
configure:3790: checking for suffix of object files
configure:3812: gcc -c   conftest.c >&5
configure:3816: $? = 0
configure:3837: result: o
configure:3841: checking whether we are using the GNU C compiler
configure:3860: gcc -c   conftest.c >&5
configure:3860: $? = 0
configure:3869: result: yes
configure:3878: checking whether gcc accepts -g
configure:3898: gcc -c -g  conftest.c >&5
configure:3898: $? = 0
configure:3939: result: yes
configure:3956: checking for gcc option to accept ISO C89
configure:4019: gcc  -c -g -O2  conftest.c >&5
configure:4019: $? = 0
configure:4032: result: none needed
configure:4057: checking whether gcc understands -c and -o together
configure:4079: gcc -c conftest.c -o conftest2.o
configure:4082: $? = 0
configure:4079: gcc -c conftest.c -o conftest2.o
configure:4082: $? = 0
configure:4094: result: yes
configure:4113: checking dependency style of gcc
configure:4224: result: gcc3
configure:4245: checking how to run the C preprocessor
configure:4276: gcc -E  conftest.c
configure:4276: $? = 0
configure:4290: gcc -E  conftest.c
conftest.c:15:28: fatal error: ac_nonexistent.h: No such file or directory
 #include <ac_nonexistent.h>
                            ^
compilation terminated.
configure:4290: $? = 1
configure: failed program was:
| /* confdefs.h */
| #define PACKAGE_NAME "libspatialite"
| #define PACKAGE_TARNAME "libspatialite"
| #define PACKAGE_VERSION "4.5.0-devel"
| #define PACKAGE_STRING "libspatialite 4.5.0-devel"
| #define PACKAGE_BUGREPORT "a.furieri@lqt.it"
| #define PACKAGE_URL ""
| #define PACKAGE "libspatialite"
| #define VERSION "4.5.0-devel"
| #define _LARGE_FILE 1
| #define _FILE_OFFSET_BITS 64
| #define _LARGEFILE_SOURCE 1
| #define NDEBUG 1
| /* end confdefs.h.  */
| #include <ac_nonexistent.h>
configure:4315: result: gcc -E
configure:4335: gcc -E  conftest.c
configure:4335: $? = 0
configure:4349: gcc -E  conftest.c
conftest.c:15:28: fatal error: ac_nonexistent.h: No such file or directory
 #include <ac_nonexistent.h>
                            ^
compilation terminated.
configure:4349: $? = 1
configure: failed program was:
| /* confdefs.h */
| #define PACKAGE_NAME "libspatialite"
| #define PACKAGE_TARNAME "libspatialite"
| #define PACKAGE_VERSION "4.5.0-devel"
| #define PACKAGE_STRING "libspatialite 4.5.0-devel"
| #define PACKAGE_BUGREPORT "a.furieri@lqt.it"
| #define PACKAGE_URL ""
| #define PACKAGE "libspatialite"
| #define VERSION "4.5.0-devel"
| #define _LARGE_FILE 1
| #define _FILE_OFFSET_BITS 64
| #define _LARGEFILE_SOURCE 1
| #define NDEBUG 1
| /* end confdefs.h.  */
| #include <ac_nonexistent.h>
configure:4378: checking for grep that handles long lines and -e
configure:4436: result: /usr/bin/grep
configure:4441: checking for egrep
configure:4503: result: /usr/bin/grep -E
configure:4508: checking for ANSI C header files
configure:4528: gcc -c -g -O2  conftest.c >&5
configure:4528: $? = 0
configure:4601: gcc -o conftest -g -O2   conftest.c  >&5
configure:4601: $? = 0
configure:4601: ./conftest
configure:4601: $? = 0
configure:4612: result: yes
configure:4625: checking for sys/types.h
configure:4625: gcc -c -g -O2  conftest.c >&5
configure:4625: $? = 0
configure:4625: result: yes
configure:4625: checking for sys/stat.h
configure:4625: gcc -c -g -O2  conftest.c >&5
configure:4625: $? = 0
configure:4625: result: yes
configure:4625: checking for stdlib.h
configure:4625: gcc -c -g -O2  conftest.c >&5
configure:4625: $? = 0
configure:4625: result: yes
configure:4625: checking for string.h
configure:4625: gcc -c -g -O2  conftest.c >&5
configure:4625: $? = 0
configure:4625: result: yes
configure:4625: checking for memory.h
configure:4625: gcc -c -g -O2  conftest.c >&5
configure:4625: $? = 0
configure:4625: result: yes
configure:4625: checking for strings.h
configure:4625: gcc -c -g -O2  conftest.c >&5
configure:4625: $? = 0
configure:4625: result: yes
configure:4625: checking for inttypes.h
configure:4625: gcc -c -g -O2  conftest.c >&5
configure:4625: $? = 0
configure:4625: result: yes
configure:4625: checking for stdint.h
configure:4625: gcc -c -g -O2  conftest.c >&5
configure:4625: $? = 0
configure:4625: result: yes
configure:4625: checking for unistd.h
configure:4625: gcc -c -g -O2  conftest.c >&5
configure:4625: $? = 0
configure:4625: result: yes
configure:4639: checking for stdlib.h
configure:4639: result: yes
configure:4653: checking stdio.h usability
configure:4653: gcc -c -g -O2  conftest.c >&5
configure:4653: $? = 0
configure:4653: result: yes
configure:4653: checking stdio.h presence
configure:4653: gcc -E  conftest.c
configure:4653: $? = 0
configure:4653: result: yes
configure:4653: checking for stdio.h
configure:4653: result: yes
configure:4667: checking for string.h
configure:4667: result: yes
configure:4681: checking for memory.h
configure:4681: result: yes
configure:4695: checking math.h usability
configure:4695: gcc -c -g -O2  conftest.c >&5
configure:4695: $? = 0
configure:4695: result: yes
configure:4695: checking math.h presence
configure:4695: gcc -E  conftest.c
configure:4695: $? = 0
configure:4695: result: yes
configure:4695: checking for math.h
configure:4695: result: yes
configure:4709: checking float.h usability
configure:4709: gcc -c -g -O2  conftest.c >&5
configure:4709: $? = 0
configure:4709: result: yes
configure:4709: checking float.h presence
configure:4709: gcc -E  conftest.c
configure:4709: $? = 0
configure:4709: result: yes
configure:4709: checking for float.h
configure:4709: result: yes
configure:4723: checking fcntl.h usability
configure:4723: gcc -c -g -O2  conftest.c >&5
configure:4723: $? = 0
configure:4723: result: yes
configure:4723: checking fcntl.h presence
configure:4723: gcc -E  conftest.c
configure:4723: $? = 0
configure:4723: result: yes
configure:4723: checking for fcntl.h
configure:4723: result: yes
configure:4737: checking for inttypes.h
configure:4737: result: yes
configure:4751: checking stddef.h usability
configure:4751: gcc -c -g -O2  conftest.c >&5
configure:4751: $? = 0
configure:4751: result: yes
configure:4751: checking stddef.h presence
configure:4751: gcc -E  conftest.c
configure:4751: $? = 0
configure:4751: result: yes
configure:4751: checking for stddef.h
configure:4751: result: yes
configure:4765: checking for stdint.h
configure:4765: result: yes
configure:4779: checking sys/time.h usability
configure:4779: gcc -c -g -O2  conftest.c >&5
configure:4779: $? = 0
configure:4779: result: yes
configure:4779: checking sys/time.h presence
configure:4779: gcc -E  conftest.c
configure:4779: $? = 0
configure:4779: result: yes
configure:4779: checking for sys/time.h
configure:4779: result: yes
configure:4793: checking for unistd.h
configure:4793: result: yes
configure:4807: checking sqlite3.h usability
configure:4807: gcc -c -g -O2  conftest.c >&5
configure:4807: $? = 0
configure:4807: result: yes
configure:4807: checking sqlite3.h presence
configure:4807: gcc -E  conftest.c
configure:4807: $? = 0
configure:4807: result: yes
configure:4807: checking for sqlite3.h
configure:4807: result: yes
configure:4821: checking sqlite3ext.h usability
configure:4821: gcc -c -g -O2  conftest.c >&5
configure:4821: $? = 0
configure:4821: result: yes
configure:4821: checking sqlite3ext.h presence
configure:4821: gcc -E  conftest.c
configure:4821: $? = 0
configure:4821: result: yes
configure:4821: checking for sqlite3ext.h
configure:4821: result: yes
configure:4835: checking zlib.h usability
configure:4835: gcc -c -g -O2  conftest.c >&5
configure:4835: $? = 0
configure:4835: result: yes
configure:4835: checking zlib.h presence
configure:4835: gcc -E  conftest.c
configure:4835: $? = 0
configure:4835: result: yes
configure:4835: checking for zlib.h
configure:4835: result: yes
configure:4908: checking for g++
configure:4938: result: no
configure:4908: checking for c++
configure:4938: result: no
configure:4908: checking for gpp
configure:4938: result: no
configure:4908: checking for aCC
configure:4938: result: no
configure:4908: checking for CC
configure:4938: result: no
configure:4908: checking for cxx
configure:4938: result: no
configure:4908: checking for cc++
configure:4938: result: no
configure:4908: checking for cl.exe
configure:4938: result: no
configure:4908: checking for FCC
configure:4938: result: no
configure:4908: checking for KCC
configure:4938: result: no
configure:4908: checking for RCC
configure:4938: result: no
configure:4908: checking for xlC_r
configure:4938: result: no
configure:4908: checking for xlC
configure:4938: result: no
configure:4962: checking for C++ compiler version
configure:4971: g++ --version >&5
./configure: line 4973: g++: command not found
configure:4982: $? = 127
configure:4971: g++ -v >&5
./configure: line 4973: g++: command not found
configure:4982: $? = 127
configure:4971: g++ -V >&5
./configure: line 4973: g++: command not found
configure:4982: $? = 127
configure:4971: g++ -qversion >&5
./configure: line 4973: g++: command not found
configure:4982: $? = 127
configure:4986: checking whether we are using the GNU C++ compiler
configure:5005: g++ -c   conftest.cpp >&5
./configure: line 1851: g++: command not found
configure:5005: $? = 127
configure: failed program was:
| /* confdefs.h */
| #define PACKAGE_NAME "libspatialite"
| #define PACKAGE_TARNAME "libspatialite"
| #define PACKAGE_VERSION "4.5.0-devel"
| #define PACKAGE_STRING "libspatialite 4.5.0-devel"
| #define PACKAGE_BUGREPORT "a.furieri@lqt.it"
| #define PACKAGE_URL ""
| #define PACKAGE "libspatialite"
| #define VERSION "4.5.0-devel"
| #define _LARGE_FILE 1
| #define _FILE_OFFSET_BITS 64
| #define _LARGEFILE_SOURCE 1
| #define NDEBUG 1
| #define STDC_HEADERS 1
| #define HAVE_SYS_TYPES_H 1
| #define HAVE_SYS_STAT_H 1
| #define HAVE_STDLIB_H 1
| #define HAVE_STRING_H 1
| #define HAVE_MEMORY_H 1
| #define HAVE_STRINGS_H 1
| #define HAVE_INTTYPES_H 1
| #define HAVE_STDINT_H 1
| #define HAVE_UNISTD_H 1
| #define HAVE_STDLIB_H 1
| #define HAVE_STDIO_H 1
| #define HAVE_STRING_H 1
| #define HAVE_MEMORY_H 1
| #define HAVE_MATH_H 1
| #define HAVE_FLOAT_H 1
| #define HAVE_FCNTL_H 1
| #define HAVE_INTTYPES_H 1
| #define HAVE_STDDEF_H 1
| #define HAVE_STDINT_H 1
| #define HAVE_SYS_TIME_H 1
| #define HAVE_UNISTD_H 1
| #define HAVE_SQLITE3_H 1
| #define HAVE_SQLITE3EXT_H 1
| #define HAVE_ZLIB_H 1
| /* end confdefs.h.  */
| 
| int
| main ()
| {
| #ifndef __GNUC__
|        choke me
| #endif
| 
|   ;
|   return 0;
| }
configure:5014: result: no
configure:5023: checking whether g++ accepts -g
configure:5043: g++ -c -g  conftest.cpp >&5
./configure: line 1851: g++: command not found
configure:5043: $? = 127
configure: failed program was:
| /* confdefs.h */
| #define PACKAGE_NAME "libspatialite"
| #define PACKAGE_TARNAME "libspatialite"
| #define PACKAGE_VERSION "4.5.0-devel"
| #define PACKAGE_STRING "libspatialite 4.5.0-devel"
| #define PACKAGE_BUGREPORT "a.furieri@lqt.it"
| #define PACKAGE_URL ""
| #define PACKAGE "libspatialite"
| #define VERSION "4.5.0-devel"
| #define _LARGE_FILE 1
| #define _FILE_OFFSET_BITS 64
| #define _LARGEFILE_SOURCE 1
| #define NDEBUG 1
| #define STDC_HEADERS 1
| #define HAVE_SYS_TYPES_H 1
| #define HAVE_SYS_STAT_H 1
| #define HAVE_STDLIB_H 1
| #define HAVE_STRING_H 1
| #define HAVE_MEMORY_H 1
| #define HAVE_STRINGS_H 1
| #define HAVE_INTTYPES_H 1
| #define HAVE_STDINT_H 1
| #define HAVE_UNISTD_H 1
| #define HAVE_STDLIB_H 1
| #define HAVE_STDIO_H 1
| #define HAVE_STRING_H 1
| #define HAVE_MEMORY_H 1
| #define HAVE_MATH_H 1
| #define HAVE_FLOAT_H 1
| #define HAVE_FCNTL_H 1
| #define HAVE_INTTYPES_H 1
| #define HAVE_STDDEF_H 1
| #define HAVE_STDINT_H 1
| #define HAVE_SYS_TIME_H 1
| #define HAVE_UNISTD_H 1
| #define HAVE_SQLITE3_H 1
| #define HAVE_SQLITE3EXT_H 1
| #define HAVE_ZLIB_H 1
| /* end confdefs.h.  */
| 
| int
| main ()
| {
| 
|   ;
|   return 0;
| }
configure:5058: g++ -c   conftest.cpp >&5
./configure: line 1851: g++: command not found
configure:5058: $? = 127
configure: failed program was:
| /* confdefs.h */
| #define PACKAGE_NAME "libspatialite"
| #define PACKAGE_TARNAME "libspatialite"
| #define PACKAGE_VERSION "4.5.0-devel"
| #define PACKAGE_STRING "libspatialite 4.5.0-devel"
| #define PACKAGE_BUGREPORT "a.furieri@lqt.it"
| #define PACKAGE_URL ""
| #define PACKAGE "libspatialite"
| #define VERSION "4.5.0-devel"
| #define _LARGE_FILE 1
| #define _FILE_OFFSET_BITS 64
| #define _LARGEFILE_SOURCE 1
| #define NDEBUG 1
| #define STDC_HEADERS 1
| #define HAVE_SYS_TYPES_H 1
| #define HAVE_SYS_STAT_H 1
| #define HAVE_STDLIB_H 1
| #define HAVE_STRING_H 1
| #define HAVE_MEMORY_H 1
| #define HAVE_STRINGS_H 1
| #define HAVE_INTTYPES_H 1
| #define HAVE_STDINT_H 1
| #define HAVE_UNISTD_H 1
| #define HAVE_STDLIB_H 1
| #define HAVE_STDIO_H 1
| #define HAVE_STRING_H 1
| #define HAVE_MEMORY_H 1
| #define HAVE_MATH_H 1
| #define HAVE_FLOAT_H 1
| #define HAVE_FCNTL_H 1
| #define HAVE_INTTYPES_H 1
| #define HAVE_STDDEF_H 1
| #define HAVE_STDINT_H 1
| #define HAVE_SYS_TIME_H 1
| #define HAVE_UNISTD_H 1
| #define HAVE_SQLITE3_H 1
| #define HAVE_SQLITE3EXT_H 1
| #define HAVE_ZLIB_H 1
| /* end confdefs.h.  */
| 
| int
| main ()
| {
| 
|   ;
|   return 0;
| }
configure:5074: g++ -c -g  conftest.cpp >&5
./configure: line 1851: g++: command not found
configure:5074: $? = 127
configure: failed program was:
| /* confdefs.h */
| #define PACKAGE_NAME "libspatialite"
| #define PACKAGE_TARNAME "libspatialite"
| #define PACKAGE_VERSION "4.5.0-devel"
| #define PACKAGE_STRING "libspatialite 4.5.0-devel"
| #define PACKAGE_BUGREPORT "a.furieri@lqt.it"
| #define PACKAGE_URL ""
| #define PACKAGE "libspatialite"
| #define VERSION "4.5.0-devel"
| #define _LARGE_FILE 1
| #define _FILE_OFFSET_BITS 64
| #define _LARGEFILE_SOURCE 1
| #define NDEBUG 1
| #define STDC_HEADERS 1
| #define HAVE_SYS_TYPES_H 1
| #define HAVE_SYS_STAT_H 1
| #define HAVE_STDLIB_H 1
| #define HAVE_STRING_H 1
| #define HAVE_MEMORY_H 1
| #define HAVE_STRINGS_H 1
| #define HAVE_INTTYPES_H 1
| #define HAVE_STDINT_H 1
| #define HAVE_UNISTD_H 1
| #define HAVE_STDLIB_H 1
| #define HAVE_STDIO_H 1
| #define HAVE_STRING_H 1
| #define HAVE_MEMORY_H 1
| #define HAVE_MATH_H 1
| #define HAVE_FLOAT_H 1
| #define HAVE_FCNTL_H 1
| #define HAVE_INTTYPES_H 1
| #define HAVE_STDDEF_H 1
| #define HAVE_STDINT_H 1
| #define HAVE_SYS_TIME_H 1
| #define HAVE_UNISTD_H 1
| #define HAVE_SQLITE3_H 1
| #define HAVE_SQLITE3EXT_H 1
| #define HAVE_ZLIB_H 1
| /* end confdefs.h.  */
| 
| int
| main ()
| {
| 
|   ;
|   return 0;
| }
configure:5084: result: no
configure:5109: checking dependency style of g++
configure:5220: result: none
configure:5283: checking for gcc
configure:5310: result: gcc
configure:5539: checking for C compiler version
configure:5548: gcc --version >&5
gcc (GCC) 4.8.5 20150623 (Red Hat 4.8.5-36)
Copyright (C) 2015 Free Software Foundation, Inc.
This is free software; see the source for copying conditions.  There is NO
warranty; not even for MERCHANTABILITY or FITNESS FOR A PARTICULAR PURPOSE.

configure:5559: $? = 0
configure:5548: gcc -v >&5
Using built-in specs.
COLLECT_GCC=gcc
COLLECT_LTO_WRAPPER=/usr/libexec/gcc/x86_64-redhat-linux/4.8.5/lto-wrapper
Target: x86_64-redhat-linux
Configured with: ../configure --prefix=/usr --mandir=/usr/share/man --infodir=/usr/share/info --with-bugurl=http://bugzilla.redhat.com/bugzilla --enable-bootstrap --enable-shared --enable-threads=posix --enable-checking=release --with-system-zlib --enable-__cxa_atexit --disable-libunwind-exceptions --enable-gnu-unique-object --enable-linker-build-id --with-linker-hash-style=gnu --enable-languages=c,c++,objc,obj-c++,java,fortran,ada,go,lto --enable-plugin --enable-initfini-array --disable-libgcj --with-isl=/builddir/build/BUILD/gcc-4.8.5-20150702/obj-x86_64-redhat-linux/isl-install --with-cloog=/builddir/build/BUILD/gcc-4.8.5-20150702/obj-x86_64-redhat-linux/cloog-install --enable-gnu-indirect-function --with-tune=generic --with-arch_32=x86-64 --build=x86_64-redhat-linux
Thread model: posix
gcc version 4.8.5 20150623 (Red Hat 4.8.5-36) (GCC) 
configure:5559: $? = 0
configure:5548: gcc -V >&5
gcc: error: unrecognized command line option '-V'
gcc: fatal error: no input files
compilation terminated.
configure:5559: $? = 4
configure:5548: gcc -qversion >&5
gcc: error: unrecognized command line option '-qversion'
gcc: fatal error: no input files
compilation terminated.
configure:5559: $? = 4
configure:5563: checking whether we are using the GNU C compiler
configure:5591: result: yes
configure:5600: checking whether gcc accepts -g
configure:5661: result: yes
configure:5678: checking for gcc option to accept ISO C89
configure:5754: result: none needed
configure:5779: checking whether gcc understands -c and -o together
configure:5816: result: yes
configure:5835: checking dependency style of gcc
configure:5946: result: gcc3
configure:5966: checking how to run the C preprocessor
configure:6036: result: gcc -E
configure:6056: gcc -E  conftest.c
configure:6056: $? = 0
configure:6070: gcc -E  conftest.c
conftest.c:40:28: fatal error: ac_nonexistent.h: No such file or directory
 #include <ac_nonexistent.h>
                            ^
compilation terminated.
configure:6070: $? = 1
configure: failed program was:
| /* confdefs.h */
| #define PACKAGE_NAME "libspatialite"
| #define PACKAGE_TARNAME "libspatialite"
| #define PACKAGE_VERSION "4.5.0-devel"
| #define PACKAGE_STRING "libspatialite 4.5.0-devel"
| #define PACKAGE_BUGREPORT "a.furieri@lqt.it"
| #define PACKAGE_URL ""
| #define PACKAGE "libspatialite"
| #define VERSION "4.5.0-devel"
| #define _LARGE_FILE 1
| #define _FILE_OFFSET_BITS 64
| #define _LARGEFILE_SOURCE 1
| #define NDEBUG 1
| #define STDC_HEADERS 1
| #define HAVE_SYS_TYPES_H 1
| #define HAVE_SYS_STAT_H 1
| #define HAVE_STDLIB_H 1
| #define HAVE_STRING_H 1
| #define HAVE_MEMORY_H 1
| #define HAVE_STRINGS_H 1
| #define HAVE_INTTYPES_H 1
| #define HAVE_STDINT_H 1
| #define HAVE_UNISTD_H 1
| #define HAVE_STDLIB_H 1
| #define HAVE_STDIO_H 1
| #define HAVE_STRING_H 1
| #define HAVE_MEMORY_H 1
| #define HAVE_MATH_H 1
| #define HAVE_FLOAT_H 1
| #define HAVE_FCNTL_H 1
| #define HAVE_INTTYPES_H 1
| #define HAVE_STDDEF_H 1
| #define HAVE_STDINT_H 1
| #define HAVE_SYS_TIME_H 1
| #define HAVE_UNISTD_H 1
| #define HAVE_SQLITE3_H 1
| #define HAVE_SQLITE3EXT_H 1
| #define HAVE_ZLIB_H 1
| /* end confdefs.h.  */
| #include <ac_nonexistent.h>
configure:6099: checking whether ln -s works
configure:6103: result: yes
configure:6110: checking whether make sets $(MAKE)
configure:6132: result: yes
configure:6145: checking build system type
configure:6159: result: x86_64-pc-linux-gnu
configure:6179: checking host system type
configure:6192: result: x86_64-pc-linux-gnu
configure:6561: checking how to print strings
configure:6588: result: printf
configure:6609: checking for a sed that does not truncate output
configure:6673: result: /usr/bin/sed
configure:6691: checking for fgrep
configure:6753: result: /usr/bin/grep -F
configure:6788: checking for ld used by gcc
configure:6855: result: /usr/bin/ld
configure:6862: checking if the linker (/usr/bin/ld) is GNU ld
configure:6877: result: yes
configure:6889: checking for BSD- or MS-compatible name lister (nm)
configure:6938: result: /usr/bin/nm -B
configure:7068: checking the name lister (/usr/bin/nm -B) interface
configure:7075: gcc -c -g -O2  conftest.c >&5
configure:7078: /usr/bin/nm -B "conftest.o"
configure:7081: output
0000000000000000 B some_variable
configure:7088: result: BSD nm
configure:7092: checking the maximum length of command line arguments
configure:7217: result: 1572864
configure:7234: checking whether the shell understands some XSI constructs
configure:7244: result: yes
configure:7248: checking whether the shell understands "+="
configure:7254: result: yes
configure:7289: checking how to convert x86_64-pc-linux-gnu file names to x86_64-pc-linux-gnu format
configure:7329: result: func_convert_file_noop
configure:7336: checking how to convert x86_64-pc-linux-gnu file names to toolchain format
configure:7356: result: func_convert_file_noop
configure:7363: checking for /usr/bin/ld option to reload object files
configure:7370: result: -r
configure:7444: checking for objdump
configure:7471: result: objdump
configure:7500: checking how to recognize dependent libraries
configure:7702: result: pass_all
configure:7787: checking for dlltool
configure:7814: result: dlltool
configure:7844: checking how to associate runtime and link libraries
configure:7871: result: printf %s\n
configure:7931: checking for ar
configure:7947: found /usr/bin/ar
configure:7958: result: ar
configure:7995: checking for archiver @FILE support
configure:8012: gcc -c -g -O2  conftest.c >&5
configure:8012: $? = 0
configure:8015: ar cru libconftest.a @conftest.lst >&5
configure:8018: $? = 0
configure:8023: ar cru libconftest.a @conftest.lst >&5
ar: conftest.o: No such file or directory
configure:8026: $? = 1
configure:8038: result: @
configure:8096: checking for strip
configure:8112: found /usr/bin/strip
configure:8123: result: strip
configure:8195: checking for ranlib
configure:8211: found /usr/bin/ranlib
configure:8222: result: ranlib
configure:8324: checking command to parse /usr/bin/nm -B output from gcc object
configure:8443: gcc -c -g -O2  conftest.c >&5
configure:8446: $? = 0
configure:8450: /usr/bin/nm -B conftest.o \| sed -n -e 's/^.*[ ]\([ABCDGIRSTW][ABCDGIRSTW]*\)[ ][ ]*\([_A-Za-z][_A-Za-z0-9]*\)$/\1 \2 \2/p' | sed '/ __gnu_lto/d' \> conftest.nm
configure:8453: $? = 0
configure:8519: gcc -o conftest -g -O2   conftest.c conftstm.o >&5
configure:8522: $? = 0
configure:8560: result: ok
configure:8597: checking for sysroot
configure:8627: result: no
configure:8704: gcc -c -g -O2  conftest.c >&5
configure:8707: $? = 0
configure:8870: checking for mt
configure:8900: result: no
configure:8920: checking if : is a manifest tool
configure:8926: : '-?'
configure:8934: result: no
configure:9563: checking for dlfcn.h
configure:9563: gcc -c -g -O2  conftest.c >&5
configure:9563: $? = 0
configure:9563: result: yes
configure:9759: checking for objdir
configure:9774: result: .libs
configure:10045: checking if gcc supports -fno-rtti -fno-exceptions
configure:10063: gcc -c -g -O2  -fno-rtti -fno-exceptions conftest.c >&5
cc1: warning: command line option '-fno-rtti' is valid for C++/ObjC++ but not for C [enabled by default]
configure:10067: $? = 0
configure:10080: result: no
configure:10390: checking for gcc option to produce PIC
configure:10397: result: -fPIC -DPIC
configure:10405: checking if gcc PIC flag -fPIC -DPIC works
configure:10423: gcc -c -g -O2  -fPIC -DPIC -DPIC conftest.c >&5
configure:10427: $? = 0
configure:10440: result: yes
configure:10469: checking if gcc static flag -static works
configure:10497: result: no
configure:10512: checking if gcc supports -c -o file.o
configure:10533: gcc -c -g -O2  -o out/conftest2.o conftest.c >&5
configure:10537: $? = 0
configure:10559: result: yes
configure:10567: checking if gcc supports -c -o file.o
configure:10614: result: yes
configure:10647: checking whether the gcc linker (/usr/bin/ld -m elf_x86_64) supports shared libraries
configure:11805: result: yes
configure:11842: checking whether -lc should be explicitly linked in
configure:11850: gcc -c -g -O2  conftest.c >&5
configure:11853: $? = 0
configure:11868: gcc -shared  -fPIC -DPIC conftest.o  -v -Wl,-soname -Wl,conftest -o conftest 2\>\&1 \| /usr/bin/grep  -lc  \>/dev/null 2\>\&1
configure:11871: $? = 0
configure:11885: result: no
configure:12050: checking dynamic linker characteristics
configure:12564: gcc -o conftest -g -O2   -Wl,-rpath -Wl,/foo conftest.c  >&5
configure:12564: $? = 0
configure:12790: result: GNU/Linux ld.so
configure:12897: checking how to hardcode library paths into programs
configure:12922: result: immediate
configure:13462: checking whether stripping libraries is possible
configure:13467: result: yes
configure:13502: checking if libtool supports shared libraries
configure:13504: result: yes
configure:13507: checking whether to build shared libraries
configure:13528: result: yes
configure:13531: checking whether to build static libraries
configure:13535: result: yes
configure:16766: checking for an ANSI C-conforming const
configure:16832: gcc -c -g -O2  conftest.c >&5
configure:16832: $? = 0
configure:16839: result: yes
configure:16847: checking for off_t
configure:16847: gcc -c -g -O2  conftest.c >&5
configure:16847: $? = 0
configure:16847: gcc -c -g -O2  conftest.c >&5
conftest.c: In function 'main':
conftest.c:78:20: error: expected expression before ')' token
 if (sizeof ((off_t)))
                    ^
configure:16847: $? = 1
configure: failed program was:
| /* confdefs.h */
| #define PACKAGE_NAME "libspatialite"
| #define PACKAGE_TARNAME "libspatialite"
| #define PACKAGE_VERSION "4.5.0-devel"
| #define PACKAGE_STRING "libspatialite 4.5.0-devel"
| #define PACKAGE_BUGREPORT "a.furieri@lqt.it"
| #define PACKAGE_URL ""
| #define PACKAGE "libspatialite"
| #define VERSION "4.5.0-devel"
| #define _LARGE_FILE 1
| #define _FILE_OFFSET_BITS 64
| #define _LARGEFILE_SOURCE 1
| #define NDEBUG 1
| #define STDC_HEADERS 1
| #define HAVE_SYS_TYPES_H 1
| #define HAVE_SYS_STAT_H 1
| #define HAVE_STDLIB_H 1
| #define HAVE_STRING_H 1
| #define HAVE_MEMORY_H 1
| #define HAVE_STRINGS_H 1
| #define HAVE_INTTYPES_H 1
| #define HAVE_STDINT_H 1
| #define HAVE_UNISTD_H 1
| #define HAVE_STDLIB_H 1
| #define HAVE_STDIO_H 1
| #define HAVE_STRING_H 1
| #define HAVE_MEMORY_H 1
| #define HAVE_MATH_H 1
| #define HAVE_FLOAT_H 1
| #define HAVE_FCNTL_H 1
| #define HAVE_INTTYPES_H 1
| #define HAVE_STDDEF_H 1
| #define HAVE_STDINT_H 1
| #define HAVE_SYS_TIME_H 1
| #define HAVE_UNISTD_H 1
| #define HAVE_SQLITE3_H 1
| #define HAVE_SQLITE3EXT_H 1
| #define HAVE_ZLIB_H 1
| #define HAVE_DLFCN_H 1
| #define LT_OBJDIR ".libs/"
| /* end confdefs.h.  */
| #include <stdio.h>
| #ifdef HAVE_SYS_TYPES_H
| # include <sys/types.h>
| #endif
| #ifdef HAVE_SYS_STAT_H
| # include <sys/stat.h>
| #endif
| #ifdef STDC_HEADERS
| # include <stdlib.h>
| # include <stddef.h>
| #else
| # ifdef HAVE_STDLIB_H
| #  include <stdlib.h>
| # endif
| #endif
| #ifdef HAVE_STRING_H
| # if !defined STDC_HEADERS && defined HAVE_MEMORY_H
| #  include <memory.h>
| # endif
| # include <string.h>
| #endif
| #ifdef HAVE_STRINGS_H
| # include <strings.h>
| #endif
| #ifdef HAVE_INTTYPES_H
| # include <inttypes.h>
| #endif
| #ifdef HAVE_STDINT_H
| # include <stdint.h>
| #endif
| #ifdef HAVE_UNISTD_H
| # include <unistd.h>
| #endif
| int
| main ()
| {
| if (sizeof ((off_t)))
| 	    return 0;
|   ;
|   return 0;
| }
configure:16847: result: yes
configure:16858: checking for size_t
configure:16858: gcc -c -g -O2  conftest.c >&5
configure:16858: $? = 0
configure:16858: gcc -c -g -O2  conftest.c >&5
conftest.c: In function 'main':
conftest.c:78:21: error: expected expression before ')' token
 if (sizeof ((size_t)))
                     ^
configure:16858: $? = 1
configure: failed program was:
| /* confdefs.h */
| #define PACKAGE_NAME "libspatialite"
| #define PACKAGE_TARNAME "libspatialite"
| #define PACKAGE_VERSION "4.5.0-devel"
| #define PACKAGE_STRING "libspatialite 4.5.0-devel"
| #define PACKAGE_BUGREPORT "a.furieri@lqt.it"
| #define PACKAGE_URL ""
| #define PACKAGE "libspatialite"
| #define VERSION "4.5.0-devel"
| #define _LARGE_FILE 1
| #define _FILE_OFFSET_BITS 64
| #define _LARGEFILE_SOURCE 1
| #define NDEBUG 1
| #define STDC_HEADERS 1
| #define HAVE_SYS_TYPES_H 1
| #define HAVE_SYS_STAT_H 1
| #define HAVE_STDLIB_H 1
| #define HAVE_STRING_H 1
| #define HAVE_MEMORY_H 1
| #define HAVE_STRINGS_H 1
| #define HAVE_INTTYPES_H 1
| #define HAVE_STDINT_H 1
| #define HAVE_UNISTD_H 1
| #define HAVE_STDLIB_H 1
| #define HAVE_STDIO_H 1
| #define HAVE_STRING_H 1
| #define HAVE_MEMORY_H 1
| #define HAVE_MATH_H 1
| #define HAVE_FLOAT_H 1
| #define HAVE_FCNTL_H 1
| #define HAVE_INTTYPES_H 1
| #define HAVE_STDDEF_H 1
| #define HAVE_STDINT_H 1
| #define HAVE_SYS_TIME_H 1
| #define HAVE_UNISTD_H 1
| #define HAVE_SQLITE3_H 1
| #define HAVE_SQLITE3EXT_H 1
| #define HAVE_ZLIB_H 1
| #define HAVE_DLFCN_H 1
| #define LT_OBJDIR ".libs/"
| /* end confdefs.h.  */
| #include <stdio.h>
| #ifdef HAVE_SYS_TYPES_H
| # include <sys/types.h>
| #endif
| #ifdef HAVE_SYS_STAT_H
| # include <sys/stat.h>
| #endif
| #ifdef STDC_HEADERS
| # include <stdlib.h>
| # include <stddef.h>
| #else
| # ifdef HAVE_STDLIB_H
| #  include <stdlib.h>
| # endif
| #endif
| #ifdef HAVE_STRING_H
| # if !defined STDC_HEADERS && defined HAVE_MEMORY_H
| #  include <memory.h>
| # endif
| # include <string.h>
| #endif
| #ifdef HAVE_STRINGS_H
| # include <strings.h>
| #endif
| #ifdef HAVE_INTTYPES_H
| # include <inttypes.h>
| #endif
| #ifdef HAVE_STDINT_H
| # include <stdint.h>
| #endif
| #ifdef HAVE_UNISTD_H
| # include <unistd.h>
| #endif
| int
| main ()
| {
| if (sizeof ((size_t)))
| 	    return 0;
|   ;
|   return 0;
| }
configure:16858: result: yes
configure:16869: checking whether time.h and sys/time.h may both be included
configure:16889: gcc -c -g -O2  conftest.c >&5
configure:16889: $? = 0
configure:16896: result: yes
configure:16904: checking whether struct tm is in sys/time.h or time.h
configure:16924: gcc -c -g -O2  conftest.c >&5
configure:16924: $? = 0
configure:16931: result: time.h
configure:16939: checking for working volatile
configure:16958: gcc -c -g -O2  conftest.c >&5
configure:16958: $? = 0
configure:16965: result: yes
configure:16975: checking whether lstat correctly handles trailing slash
configure:17001: gcc -o conftest -g -O2   conftest.c  >&5
configure:17001: $? = 0
configure:17001: ./conftest
configure:17001: $? = 0
configure:17018: result: yes
configure:17037: checking whether lstat accepts an empty string
configure:17057: gcc -o conftest -g -O2   conftest.c  >&5
configure:17057: $? = 0
configure:17057: ./conftest
configure:17057: $? = 0
configure:17067: result: no
configure:17083: checking whether lstat correctly handles trailing slash
configure:17126: result: yes
configure:17145: checking for working memcmp
configure:17188: gcc -o conftest -g -O2   conftest.c  >&5
configure:17188: $? = 0
configure:17188: ./conftest
configure:17188: $? = 0
configure:17198: result: yes
configure:17207: checking whether stat accepts an empty string
configure:17227: gcc -o conftest -g -O2   conftest.c  >&5
configure:17227: $? = 0
configure:17227: ./conftest
configure:17227: $? = 0
configure:17237: result: no
configure:17255: checking for strftime
configure:17255: gcc -o conftest -g -O2   conftest.c  >&5
conftest.c:68:6: warning: conflicting types for built-in function 'strftime' [enabled by default]
 char strftime ();
      ^
configure:17255: $? = 0
configure:17255: result: yes
configure:17311: checking for memset
configure:17311: gcc -o conftest -g -O2   conftest.c  >&5
conftest.c:69:6: warning: conflicting types for built-in function 'memset' [enabled by default]
 char memset ();
      ^
configure:17311: $? = 0
configure:17311: result: yes
configure:17311: checking for sqrt
configure:17311: gcc -o conftest -g -O2   conftest.c  >&5
conftest.c:70:6: warning: conflicting types for built-in function 'sqrt' [enabled by default]
 char sqrt ();
      ^
/tmp/cc3rgEcs.o: In function `main':
/home/cent/emgsdr_src/libspatialite/conftest.c:81: undefined reference to `sqrt'
collect2: error: ld returned 1 exit status
configure:17311: $? = 1
configure: failed program was:
| /* confdefs.h */
| #define PACKAGE_NAME "libspatialite"
| #define PACKAGE_TARNAME "libspatialite"
| #define PACKAGE_VERSION "4.5.0-devel"
| #define PACKAGE_STRING "libspatialite 4.5.0-devel"
| #define PACKAGE_BUGREPORT "a.furieri@lqt.it"
| #define PACKAGE_URL ""
| #define PACKAGE "libspatialite"
| #define VERSION "4.5.0-devel"
| #define _LARGE_FILE 1
| #define _FILE_OFFSET_BITS 64
| #define _LARGEFILE_SOURCE 1
| #define NDEBUG 1
| #define STDC_HEADERS 1
| #define HAVE_SYS_TYPES_H 1
| #define HAVE_SYS_STAT_H 1
| #define HAVE_STDLIB_H 1
| #define HAVE_STRING_H 1
| #define HAVE_MEMORY_H 1
| #define HAVE_STRINGS_H 1
| #define HAVE_INTTYPES_H 1
| #define HAVE_STDINT_H 1
| #define HAVE_UNISTD_H 1
| #define HAVE_STDLIB_H 1
| #define HAVE_STDIO_H 1
| #define HAVE_STRING_H 1
| #define HAVE_MEMORY_H 1
| #define HAVE_MATH_H 1
| #define HAVE_FLOAT_H 1
| #define HAVE_FCNTL_H 1
| #define HAVE_INTTYPES_H 1
| #define HAVE_STDDEF_H 1
| #define HAVE_STDINT_H 1
| #define HAVE_SYS_TIME_H 1
| #define HAVE_UNISTD_H 1
| #define HAVE_SQLITE3_H 1
| #define HAVE_SQLITE3EXT_H 1
| #define HAVE_ZLIB_H 1
| #define HAVE_DLFCN_H 1
| #define LT_OBJDIR ".libs/"
| #define TIME_WITH_SYS_TIME 1
| #define LSTAT_FOLLOWS_SLASHED_SYMLINK 1
| #define LSTAT_FOLLOWS_SLASHED_SYMLINK 1
| #define HAVE_STRFTIME 1
| #define HAVE_MEMSET 1
| /* end confdefs.h.  */
| /* Define sqrt to an innocuous variant, in case <limits.h> declares sqrt.
|    For example, HP-UX 11i <limits.h> declares gettimeofday.  */
| #define sqrt innocuous_sqrt
| 
| /* System header to define __stub macros and hopefully few prototypes,
|     which can conflict with char sqrt (); below.
|     Prefer <limits.h> to <assert.h> if __STDC__ is defined, since
|     <limits.h> exists even on freestanding compilers.  */
| 
| #ifdef __STDC__
| # include <limits.h>
| #else
| # include <assert.h>
| #endif
| 
| #undef sqrt
| 
| /* Override any GCC internal prototype to avoid an error.
|    Use char because int might match the return type of a GCC
|    builtin and then its argument prototype would still apply.  */
| #ifdef __cplusplus
| extern "C"
| #endif
| char sqrt ();
| /* The GNU C library defines this for functions which it implements
|     to always fail with ENOSYS.  Some functions are actually named
|     something starting with __ and the normal name is an alias.  */
| #if defined __stub_sqrt || defined __stub___sqrt
| choke me
| #endif
| 
| int
| main ()
| {
| return sqrt ();
|   ;
|   return 0;
| }
configure:17311: result: no
configure:17311: checking for strcasecmp
configure:17311: gcc -o conftest -g -O2   conftest.c  >&5
conftest.c:70:6: warning: conflicting types for built-in function 'strcasecmp' [enabled by default]
 char strcasecmp ();
      ^
configure:17311: $? = 0
configure:17311: result: yes
configure:17311: checking for strerror
configure:17311: gcc -o conftest -g -O2   conftest.c  >&5
configure:17311: $? = 0
configure:17311: result: yes
configure:17311: checking for strncasecmp
configure:17311: gcc -o conftest -g -O2   conftest.c  >&5
conftest.c:72:6: warning: conflicting types for built-in function 'strncasecmp' [enabled by default]
 char strncasecmp ();
      ^
configure:17311: $? = 0
configure:17311: result: yes
configure:17311: checking for strstr
configure:17311: gcc -o conftest -g -O2   conftest.c  >&5
conftest.c:73:6: warning: conflicting types for built-in function 'strstr' [enabled by default]
 char strstr ();
      ^
configure:17311: $? = 0
configure:17311: result: yes
configure:17311: checking for fdatasync
configure:17311: gcc -o conftest -g -O2   conftest.c  >&5
configure:17311: $? = 0
configure:17311: result: yes
configure:17311: checking for ftruncate
configure:17311: gcc -o conftest -g -O2   conftest.c  >&5
configure:17311: $? = 0
configure:17311: result: yes
configure:17311: checking for getcwd
configure:17311: gcc -o conftest -g -O2   conftest.c  >&5
configure:17311: $? = 0
configure:17311: result: yes
configure:17311: checking for gettimeofday
configure:17311: gcc -o conftest -g -O2   conftest.c  >&5
configure:17311: $? = 0
configure:17311: result: yes
configure:17311: checking for localtime_r
configure:17311: gcc -o conftest -g -O2   conftest.c  >&5
configure:17311: $? = 0
configure:17311: result: yes
configure:17311: checking for memmove
configure:17311: gcc -o conftest -g -O2   conftest.c  >&5
conftest.c:79:6: warning: conflicting types for built-in function 'memmove' [enabled by default]
 char memmove ();
      ^
configure:17311: $? = 0
configure:17311: result: yes
configure:17311: checking for strerror
configure:17311: result: yes
configure:17322: checking for sqlite3_prepare_v2 in -lsqlite3
configure:17347: gcc -o conftest -g -O2   conftest.c -lsqlite3 -lm  >&5
configure:17347: $? = 0
configure:17356: result: yes
configure:17369: checking for inflateInit_ in -lz
configure:17394: gcc -o conftest -g -O2   conftest.c -lz -lm -lsqlite3  >&5
configure:17394: $? = 0
configure:17403: result: yes
configure:17585: checking proj_api.h usability
configure:17585: gcc -c -g -O2  conftest.c >&5
configure:17585: $? = 0
configure:17585: result: yes
configure:17585: checking proj_api.h presence
configure:17585: gcc -E  conftest.c
configure:17585: $? = 0
configure:17585: result: yes
configure:17585: checking for proj_api.h
configure:17585: result: yes
configure:17597: checking for library containing pj_init_plus
configure:17628: gcc -o conftest -g -O2   conftest.c -lz -lsqlite3  >&5
/tmp/cc8zeVUP.o: In function `main':
/home/cent/emgsdr_src/libspatialite/conftest.c:75: undefined reference to `pj_init_plus'
collect2: error: ld returned 1 exit status
configure:17628: $? = 1
configure: failed program was:
| /* confdefs.h */
| #define PACKAGE_NAME "libspatialite"
| #define PACKAGE_TARNAME "libspatialite"
| #define PACKAGE_VERSION "4.5.0-devel"
| #define PACKAGE_STRING "libspatialite 4.5.0-devel"
| #define PACKAGE_BUGREPORT "a.furieri@lqt.it"
| #define PACKAGE_URL ""
| #define PACKAGE "libspatialite"
| #define VERSION "4.5.0-devel"
| #define _LARGE_FILE 1
| #define _FILE_OFFSET_BITS 64
| #define _LARGEFILE_SOURCE 1
| #define NDEBUG 1
| #define STDC_HEADERS 1
| #define HAVE_SYS_TYPES_H 1
| #define HAVE_SYS_STAT_H 1
| #define HAVE_STDLIB_H 1
| #define HAVE_STRING_H 1
| #define HAVE_MEMORY_H 1
| #define HAVE_STRINGS_H 1
| #define HAVE_INTTYPES_H 1
| #define HAVE_STDINT_H 1
| #define HAVE_UNISTD_H 1
| #define HAVE_STDLIB_H 1
| #define HAVE_STDIO_H 1
| #define HAVE_STRING_H 1
| #define HAVE_MEMORY_H 1
| #define HAVE_MATH_H 1
| #define HAVE_FLOAT_H 1
| #define HAVE_FCNTL_H 1
| #define HAVE_INTTYPES_H 1
| #define HAVE_STDDEF_H 1
| #define HAVE_STDINT_H 1
| #define HAVE_SYS_TIME_H 1
| #define HAVE_UNISTD_H 1
| #define HAVE_SQLITE3_H 1
| #define HAVE_SQLITE3EXT_H 1
| #define HAVE_ZLIB_H 1
| #define HAVE_DLFCN_H 1
| #define LT_OBJDIR ".libs/"
| #define TIME_WITH_SYS_TIME 1
| #define LSTAT_FOLLOWS_SLASHED_SYMLINK 1
| #define LSTAT_FOLLOWS_SLASHED_SYMLINK 1
| #define HAVE_STRFTIME 1
| #define HAVE_MEMSET 1
| #define HAVE_STRCASECMP 1
| #define HAVE_STRERROR 1
| #define HAVE_STRNCASECMP 1
| #define HAVE_STRSTR 1
| #define HAVE_FDATASYNC 1
| #define HAVE_FTRUNCATE 1
| #define HAVE_GETCWD 1
| #define HAVE_GETTIMEOFDAY 1
| #define HAVE_LOCALTIME_R 1
| #define HAVE_MEMMOVE 1
| #define HAVE_STRERROR 1
| #define HAVE_LIBSQLITE3 1
| #define HAVE_LIBZ 1
| #define TARGET_CPU "x86_64-redhat-linux"
| #define OMIT_GEOCALLBACKS 1
| #define OMIT_KNN 1
| #define HAVE_PROJ_API_H 1
| /* end confdefs.h.  */
| 
| /* Override any GCC internal prototype to avoid an error.
|    Use char because int might match the return type of a GCC
|    builtin and then its argument prototype would still apply.  */
| #ifdef __cplusplus
| extern "C"
| #endif
| char pj_init_plus ();
| int
| main ()
| {
| return pj_init_plus ();
|   ;
|   return 0;
| }
configure:17628: gcc -o conftest -g -O2   conftest.c -lproj -lm -lz -lsqlite3  >&5
configure:17628: $? = 0
configure:17645: result: -lproj
configure:17655: checking for library containing pj_init_ctx
configure:17686: gcc -o conftest -g -O2   conftest.c -lproj -lz -lsqlite3  >&5
configure:17686: $? = 0
configure:17703: result: none required
configure:17732: checking iconv.h usability
configure:17732: gcc -c -g -O2  conftest.c >&5
configure:17732: $? = 0
configure:17732: result: yes
configure:17732: checking iconv.h presence
configure:17732: gcc -E  conftest.c
configure:17732: $? = 0
configure:17732: result: yes
configure:17732: checking for iconv.h
configure:17732: result: yes
configure:17746: checking for library containing iconv
configure:17777: gcc -o conftest -g -O2   conftest.c -lproj -lz -lsqlite3  >&5
configure:17777: $? = 0
configure:17794: result: none required
configure:17861: checking for library containing locale_charset
configure:17892: gcc -o conftest -g -O2   conftest.c -lproj -lz -lsqlite3  >&5
/tmp/cczjaIHc.o: In function `main':
/home/cent/emgsdr_src/libspatialite/conftest.c:76: undefined reference to `locale_charset'
collect2: error: ld returned 1 exit status
configure:17892: $? = 1
configure: failed program was:
| /* confdefs.h */
| #define PACKAGE_NAME "libspatialite"
| #define PACKAGE_TARNAME "libspatialite"
| #define PACKAGE_VERSION "4.5.0-devel"
| #define PACKAGE_STRING "libspatialite 4.5.0-devel"
| #define PACKAGE_BUGREPORT "a.furieri@lqt.it"
| #define PACKAGE_URL ""
| #define PACKAGE "libspatialite"
| #define VERSION "4.5.0-devel"
| #define _LARGE_FILE 1
| #define _FILE_OFFSET_BITS 64
| #define _LARGEFILE_SOURCE 1
| #define NDEBUG 1
| #define STDC_HEADERS 1
| #define HAVE_SYS_TYPES_H 1
| #define HAVE_SYS_STAT_H 1
| #define HAVE_STDLIB_H 1
| #define HAVE_STRING_H 1
| #define HAVE_MEMORY_H 1
| #define HAVE_STRINGS_H 1
| #define HAVE_INTTYPES_H 1
| #define HAVE_STDINT_H 1
| #define HAVE_UNISTD_H 1
| #define HAVE_STDLIB_H 1
| #define HAVE_STDIO_H 1
| #define HAVE_STRING_H 1
| #define HAVE_MEMORY_H 1
| #define HAVE_MATH_H 1
| #define HAVE_FLOAT_H 1
| #define HAVE_FCNTL_H 1
| #define HAVE_INTTYPES_H 1
| #define HAVE_STDDEF_H 1
| #define HAVE_STDINT_H 1
| #define HAVE_SYS_TIME_H 1
| #define HAVE_UNISTD_H 1
| #define HAVE_SQLITE3_H 1
| #define HAVE_SQLITE3EXT_H 1
| #define HAVE_ZLIB_H 1
| #define HAVE_DLFCN_H 1
| #define LT_OBJDIR ".libs/"
| #define TIME_WITH_SYS_TIME 1
| #define LSTAT_FOLLOWS_SLASHED_SYMLINK 1
| #define LSTAT_FOLLOWS_SLASHED_SYMLINK 1
| #define HAVE_STRFTIME 1
| #define HAVE_MEMSET 1
| #define HAVE_STRCASECMP 1
| #define HAVE_STRERROR 1
| #define HAVE_STRNCASECMP 1
| #define HAVE_STRSTR 1
| #define HAVE_FDATASYNC 1
| #define HAVE_FTRUNCATE 1
| #define HAVE_GETCWD 1
| #define HAVE_GETTIMEOFDAY 1
| #define HAVE_LOCALTIME_R 1
| #define HAVE_MEMMOVE 1
| #define HAVE_STRERROR 1
| #define HAVE_LIBSQLITE3 1
| #define HAVE_LIBZ 1
| #define TARGET_CPU "x86_64-redhat-linux"
| #define OMIT_GEOCALLBACKS 1
| #define OMIT_KNN 1
| #define HAVE_PROJ_API_H 1
| #define HAVE_ICONV_H 1
| /* end confdefs.h.  */
| 
| /* Override any GCC internal prototype to avoid an error.
|    Use char because int might match the return type of a GCC
|    builtin and then its argument prototype would still apply.  */
| #ifdef __cplusplus
| extern "C"
| #endif
| char locale_charset ();
| int
| main ()
| {
| return locale_charset ();
|   ;
|   return 0;
| }
configure:17892: gcc -o conftest -g -O2   conftest.c -lcharset  -lproj -lz -lsqlite3  >&5
/usr/bin/ld: cannot find -lcharset
collect2: error: ld returned 1 exit status
configure:17892: $? = 1
configure: failed program was:
| /* confdefs.h */
| #define PACKAGE_NAME "libspatialite"
| #define PACKAGE_TARNAME "libspatialite"
| #define PACKAGE_VERSION "4.5.0-devel"
| #define PACKAGE_STRING "libspatialite 4.5.0-devel"
| #define PACKAGE_BUGREPORT "a.furieri@lqt.it"
| #define PACKAGE_URL ""
| #define PACKAGE "libspatialite"
| #define VERSION "4.5.0-devel"
| #define _LARGE_FILE 1
| #define _FILE_OFFSET_BITS 64
| #define _LARGEFILE_SOURCE 1
| #define NDEBUG 1
| #define STDC_HEADERS 1
| #define HAVE_SYS_TYPES_H 1
| #define HAVE_SYS_STAT_H 1
| #define HAVE_STDLIB_H 1
| #define HAVE_STRING_H 1
| #define HAVE_MEMORY_H 1
| #define HAVE_STRINGS_H 1
| #define HAVE_INTTYPES_H 1
| #define HAVE_STDINT_H 1
| #define HAVE_UNISTD_H 1
| #define HAVE_STDLIB_H 1
| #define HAVE_STDIO_H 1
| #define HAVE_STRING_H 1
| #define HAVE_MEMORY_H 1
| #define HAVE_MATH_H 1
| #define HAVE_FLOAT_H 1
| #define HAVE_FCNTL_H 1
| #define HAVE_INTTYPES_H 1
| #define HAVE_STDDEF_H 1
| #define HAVE_STDINT_H 1
| #define HAVE_SYS_TIME_H 1
| #define HAVE_UNISTD_H 1
| #define HAVE_SQLITE3_H 1
| #define HAVE_SQLITE3EXT_H 1
| #define HAVE_ZLIB_H 1
| #define HAVE_DLFCN_H 1
| #define LT_OBJDIR ".libs/"
| #define TIME_WITH_SYS_TIME 1
| #define LSTAT_FOLLOWS_SLASHED_SYMLINK 1
| #define LSTAT_FOLLOWS_SLASHED_SYMLINK 1
| #define HAVE_STRFTIME 1
| #define HAVE_MEMSET 1
| #define HAVE_STRCASECMP 1
| #define HAVE_STRERROR 1
| #define HAVE_STRNCASECMP 1
| #define HAVE_STRSTR 1
| #define HAVE_FDATASYNC 1
| #define HAVE_FTRUNCATE 1
| #define HAVE_GETCWD 1
| #define HAVE_GETTIMEOFDAY 1
| #define HAVE_LOCALTIME_R 1
| #define HAVE_MEMMOVE 1
| #define HAVE_STRERROR 1
| #define HAVE_LIBSQLITE3 1
| #define HAVE_LIBZ 1
| #define TARGET_CPU "x86_64-redhat-linux"
| #define OMIT_GEOCALLBACKS 1
| #define OMIT_KNN 1
| #define HAVE_PROJ_API_H 1
| #define HAVE_ICONV_H 1
| /* end confdefs.h.  */
| 
| /* Override any GCC internal prototype to avoid an error.
|    Use char because int might match the return type of a GCC
|    builtin and then its argument prototype would still apply.  */
| #ifdef __cplusplus
| extern "C"
| #endif
| char locale_charset ();
| int
| main ()
| {
| return locale_charset ();
|   ;
|   return 0;
| }
configure:17909: result: no
configure:17916: checking for library containing nl_langinfo
configure:17947: gcc -o conftest -g -O2   conftest.c -lproj -lz -lsqlite3  >&5
configure:17947: $? = 0
configure:17964: result: none required
configure:18112: checking for geos-config
configure:18130: found /usr/bin/geos-config
configure:18142: result: /usr/bin/geos-config
configure:18177: checking geos_c.h usability
configure:18177: gcc -c -g -O2 -I/usr/include conftest.c >&5
configure:18177: $? = 0
configure:18177: result: yes
configure:18177: checking geos_c.h presence
configure:18177: gcc -E -I/usr/include conftest.c
configure:18177: $? = 0
configure:18177: result: yes
configure:18177: checking for geos_c.h
configure:18177: result: yes
configure:18193: checking for library containing GEOSCoveredBy
configure:18224: gcc -o conftest -g -O2   conftest.c -L/usr/lib64 >&5
/tmp/cc3NsVFs.o: In function `main':
/home/cent/emgsdr_src/libspatialite/conftest.c:78: undefined reference to `GEOSCoveredBy'
collect2: error: ld returned 1 exit status
configure:18224: $? = 1
configure: failed program was:
| /* confdefs.h */
| #define PACKAGE_NAME "libspatialite"
| #define PACKAGE_TARNAME "libspatialite"
| #define PACKAGE_VERSION "4.5.0-devel"
| #define PACKAGE_STRING "libspatialite 4.5.0-devel"
| #define PACKAGE_BUGREPORT "a.furieri@lqt.it"
| #define PACKAGE_URL ""
| #define PACKAGE "libspatialite"
| #define VERSION "4.5.0-devel"
| #define _LARGE_FILE 1
| #define _FILE_OFFSET_BITS 64
| #define _LARGEFILE_SOURCE 1
| #define NDEBUG 1
| #define STDC_HEADERS 1
| #define HAVE_SYS_TYPES_H 1
| #define HAVE_SYS_STAT_H 1
| #define HAVE_STDLIB_H 1
| #define HAVE_STRING_H 1
| #define HAVE_MEMORY_H 1
| #define HAVE_STRINGS_H 1
| #define HAVE_INTTYPES_H 1
| #define HAVE_STDINT_H 1
| #define HAVE_UNISTD_H 1
| #define HAVE_STDLIB_H 1
| #define HAVE_STDIO_H 1
| #define HAVE_STRING_H 1
| #define HAVE_MEMORY_H 1
| #define HAVE_MATH_H 1
| #define HAVE_FLOAT_H 1
| #define HAVE_FCNTL_H 1
| #define HAVE_INTTYPES_H 1
| #define HAVE_STDDEF_H 1
| #define HAVE_STDINT_H 1
| #define HAVE_SYS_TIME_H 1
| #define HAVE_UNISTD_H 1
| #define HAVE_SQLITE3_H 1
| #define HAVE_SQLITE3EXT_H 1
| #define HAVE_ZLIB_H 1
| #define HAVE_DLFCN_H 1
| #define LT_OBJDIR ".libs/"
| #define TIME_WITH_SYS_TIME 1
| #define LSTAT_FOLLOWS_SLASHED_SYMLINK 1
| #define LSTAT_FOLLOWS_SLASHED_SYMLINK 1
| #define HAVE_STRFTIME 1
| #define HAVE_MEMSET 1
| #define HAVE_STRCASECMP 1
| #define HAVE_STRERROR 1
| #define HAVE_STRNCASECMP 1
| #define HAVE_STRSTR 1
| #define HAVE_FDATASYNC 1
| #define HAVE_FTRUNCATE 1
| #define HAVE_GETCWD 1
| #define HAVE_GETTIMEOFDAY 1
| #define HAVE_LOCALTIME_R 1
| #define HAVE_MEMMOVE 1
| #define HAVE_STRERROR 1
| #define HAVE_LIBSQLITE3 1
| #define HAVE_LIBZ 1
| #define TARGET_CPU "x86_64-redhat-linux"
| #define OMIT_GEOCALLBACKS 1
| #define OMIT_KNN 1
| #define HAVE_PROJ_API_H 1
| #define HAVE_ICONV_H 1
| #define OMIT_FREEXL 1
| #define HAVE_GEOS_C_H 1
| /* end confdefs.h.  */
| 
| /* Override any GCC internal prototype to avoid an error.
|    Use char because int might match the return type of a GCC
|    builtin and then its argument prototype would still apply.  */
| #ifdef __cplusplus
| extern "C"
| #endif
| char GEOSCoveredBy ();
| int
| main ()
| {
| return GEOSCoveredBy ();
|   ;
|   return 0;
| }
configure:18224: gcc -o conftest -g -O2   conftest.c -lgeos_c  -L/usr/lib64 >&5
configure:18224: $? = 0
configure:18241: result: -lgeos_c
configure:18280: checking for library containing GEOSDelaunayTriangulation
configure:18311: gcc -o conftest -g -O2   conftest.c -lproj -lz -lsqlite3  -L/usr/lib64 -lgeos_c >&5
configure:18311: $? = 0
configure:18328: result: none required
configure:18587: checking for pkg-config
configure:18605: found /usr/bin/pkg-config
configure:18617: result: /usr/bin/pkg-config
configure:18642: checking pkg-config is at least version 0.9.0
configure:18645: result: yes
configure:18655: checking for LIBXML2
configure:18662: $PKG_CONFIG --exists --print-errors "libxml-2.0"
configure:18665: $? = 0
configure:18679: $PKG_CONFIG --exists --print-errors "libxml-2.0"
configure:18682: $? = 0
configure:18720: result: yes
configure:18838: checking whether SQLITE_INDEX_CONSTRAINT_LIKE is declared
configure:18838: gcc -c -g -O2  conftest.c >&5
configure:18838: $? = 0
configure:18838: result: yes
configure:18954: checking that generated files are newer than configure
configure:18960: result: done
configure:19019: creating ./config.status

## ---------------------- ##
## Running config.status. ##
## ---------------------- ##

This file was extended by libspatialite config.status 4.5.0-devel, which was
generated by GNU Autoconf 2.69.  Invocation command line was

  CONFIG_FILES    = 
  CONFIG_HEADERS  = 
  CONFIG_LINKS    = 
  CONFIG_COMMANDS = 
  $ ./config.status 

on localhost.localdomain

config.status:1266: creating Makefile
config.status:1266: creating src/Makefile
config.status:1266: creating src/headers/Makefile
config.status:1266: creating src/gaiaaux/Makefile
config.status:1266: creating src/gaiaexif/Makefile
config.status:1266: creating src/gaiageo/Makefile
config.status:1266: creating src/gaiageo/flex/Makefile
config.status:1266: creating src/gaiageo/lemon/Makefile
config.status:1266: creating src/gaiageo/lemon/lemon_src/Makefile
config.status:1266: creating src/geopackage/Makefile
config.status:1266: creating src/spatialite/Makefile
config.status:1266: creating src/shapefiles/Makefile
config.status:1266: creating src/dxf/Makefile
config.status:1266: creating src/md5/Makefile
config.status:1266: creating src/control_points/Makefile
config.status:1266: creating src/cutter/Makefile
config.status:1266: creating src/topology/Makefile
config.status:1266: creating src/srsinit/Makefile
config.status:1266: creating src/srsinit/epsg_update/Makefile
config.status:1266: creating src/connection_cache/Makefile
config.status:1266: creating src/connection_cache/generator/Makefile
config.status:1266: creating src/virtualtext/Makefile
config.status:1266: creating src/wfs/Makefile
config.status:1266: creating test/Makefile
config.status:1266: creating test/sql_stmt_tests/Makefile
config.status:1266: creating test/sql_stmt_geos_tests/Makefile
config.status:1266: creating test/sql_stmt_geosadvanced_tests/Makefile
config.status:1266: creating test/sql_stmt_geopackage_tests/Makefile
config.status:1266: creating test/sql_stmt_gpkg_epsg492_tests/Makefile
config.status:1266: creating test/sql_stmt_gpkg_epsg493_tests/Makefile
config.status:1266: creating test/sql_stmt_proj_tests/Makefile
config.status:1266: creating test/sql_stmt_proj492_tests/Makefile
config.status:1266: creating test/sql_stmt_proj493_tests/Makefile
config.status:1266: creating test/sql_stmt_mathsql_tests/Makefile
config.status:1266: creating test/sql_stmt_rtgeom_tests/Makefile
config.status:1266: creating test/sql_stmt_rttopo_tests/Makefile
config.status:1266: creating test/sql_stmt_libxml2_tests/Makefile
config.status:1266: creating test/sql_stmt_security_tests/Makefile
config.status:1266: creating test/sql_stmt_xmlsec_tests/Makefile
config.status:1266: creating test/sql_stmt_freexl_tests/Makefile
config.status:1266: creating test/sql_stmt_cache_tests/Makefile
config.status:1266: creating test/sql_stmt_gpkgcache_tests/Makefile
config.status:1266: creating test/sql_stmt_nocache_tests/Makefile
config.status:1266: creating test/sql_stmt_gpkgnocache_tests/Makefile
config.status:1266: creating test/sql_stmt_voronoj1_tests/Makefile
config.status:1266: creating test/sql_stmt_voronoj2_tests/Makefile
config.status:1266: creating test/sql_stmt_sequence_tests/Makefile
config.status:1266: creating examples/Makefile
config.status:1266: creating Doxyfile
config.status:1266: creating spatialite.pc
config.status:1266: creating config.h
config.status:1447: config.h is unchanged
config.status:1495: executing depfiles commands
config.status:1495: executing libtool commands

## ---------------- ##
## Cache variables. ##
## ---------------- ##

ac_cv_build=x86_64-pc-linux-gnu
ac_cv_c_compiler_gnu=yes
ac_cv_c_const=yes
ac_cv_c_volatile=yes
ac_cv_cxx_compiler_gnu=no
ac_cv_env_CCC_set=
ac_cv_env_CCC_value=
ac_cv_env_CC_set=
ac_cv_env_CC_value=
ac_cv_env_CFLAGS_set=
ac_cv_env_CFLAGS_value=
ac_cv_env_CPPFLAGS_set=
ac_cv_env_CPPFLAGS_value=
ac_cv_env_CPP_set=
ac_cv_env_CPP_value=
ac_cv_env_CXXCPP_set=
ac_cv_env_CXXCPP_value=
ac_cv_env_CXXFLAGS_set=
ac_cv_env_CXXFLAGS_value=
ac_cv_env_CXX_set=
ac_cv_env_CXX_value=
ac_cv_env_LDFLAGS_set=
ac_cv_env_LDFLAGS_value=
ac_cv_env_LIBS_set=
ac_cv_env_LIBS_value=
ac_cv_env_LIBXML2_CFLAGS_set=
ac_cv_env_LIBXML2_CFLAGS_value=
ac_cv_env_LIBXML2_LIBS_set=
ac_cv_env_LIBXML2_LIBS_value=
ac_cv_env_PKG_CONFIG_LIBDIR_set=
ac_cv_env_PKG_CONFIG_LIBDIR_value=
ac_cv_env_PKG_CONFIG_PATH_set=
ac_cv_env_PKG_CONFIG_PATH_value=
ac_cv_env_PKG_CONFIG_set=
ac_cv_env_PKG_CONFIG_value=
ac_cv_env_build_alias_set=
ac_cv_env_build_alias_value=
ac_cv_env_host_alias_set=
ac_cv_env_host_alias_value=
ac_cv_env_target_alias_set=
ac_cv_env_target_alias_value=
ac_cv_func_fdatasync=yes
ac_cv_func_ftruncate=yes
ac_cv_func_getcwd=yes
ac_cv_func_gettimeofday=yes
ac_cv_func_localtime_r=yes
ac_cv_func_lstat_dereferences_slashed_symlink=yes
ac_cv_func_lstat_empty_string_bug=no
ac_cv_func_memcmp_working=yes
ac_cv_func_memmove=yes
ac_cv_func_memset=yes
ac_cv_func_sqrt=no
ac_cv_func_stat_empty_string_bug=no
ac_cv_func_strcasecmp=yes
ac_cv_func_strerror=yes
ac_cv_func_strftime=yes
ac_cv_func_strncasecmp=yes
ac_cv_func_strstr=yes
ac_cv_have_decl_SQLITE_INDEX_CONSTRAINT_LIKE=yes
ac_cv_header_dlfcn_h=yes
ac_cv_header_fcntl_h=yes
ac_cv_header_float_h=yes
ac_cv_header_geos_c_h=yes
ac_cv_header_iconv_h=yes
ac_cv_header_inttypes_h=yes
ac_cv_header_math_h=yes
ac_cv_header_memory_h=yes
ac_cv_header_proj_api_h=yes
ac_cv_header_sqlite3_h=yes
ac_cv_header_sqlite3ext_h=yes
ac_cv_header_stdc=yes
ac_cv_header_stddef_h=yes
ac_cv_header_stdint_h=yes
ac_cv_header_stdio_h=yes
ac_cv_header_stdlib_h=yes
ac_cv_header_string_h=yes
ac_cv_header_strings_h=yes
ac_cv_header_sys_stat_h=yes
ac_cv_header_sys_time_h=yes
ac_cv_header_sys_types_h=yes
ac_cv_header_time=yes
ac_cv_header_unistd_h=yes
ac_cv_header_zlib_h=yes
ac_cv_host=x86_64-pc-linux-gnu
ac_cv_lib_sqlite3_sqlite3_prepare_v2=yes
ac_cv_lib_z_inflateInit_=yes
ac_cv_objext=o
ac_cv_path_EGREP='/usr/bin/grep -E'
ac_cv_path_FGREP='/usr/bin/grep -F'
ac_cv_path_GEOSCONFIG=/usr/bin/geos-config
ac_cv_path_GREP=/usr/bin/grep
ac_cv_path_SED=/usr/bin/sed
ac_cv_path_ac_pt_PKG_CONFIG=/usr/bin/pkg-config
ac_cv_path_install='/usr/bin/install -c'
ac_cv_path_mkdir=/usr/bin/mkdir
ac_cv_prog_AWK=gawk
ac_cv_prog_CPP='gcc -E'
ac_cv_prog_ac_ct_AR=ar
ac_cv_prog_ac_ct_CC=gcc
ac_cv_prog_ac_ct_DLLTOOL=dlltool
ac_cv_prog_ac_ct_OBJDUMP=objdump
ac_cv_prog_ac_ct_RANLIB=ranlib
ac_cv_prog_ac_ct_STRIP=strip
ac_cv_prog_cc_c89=
ac_cv_prog_cc_g=yes
ac_cv_prog_cxx_g=no
ac_cv_prog_make_make_set=yes
ac_cv_search_GEOSCoveredBy=-lgeos_c
ac_cv_search_GEOSDelaunayTriangulation='none required'
ac_cv_search_iconv='none required'
ac_cv_search_locale_charset=no
ac_cv_search_nl_langinfo='none required'
ac_cv_search_pj_init_ctx='none required'
ac_cv_search_pj_init_plus=-lproj
ac_cv_struct_tm=time.h
ac_cv_type_off_t=yes
ac_cv_type_size_t=yes
am_cv_CC_dependencies_compiler_type=gcc3
am_cv_CXX_dependencies_compiler_type=none
am_cv_make_support_nested_variables=yes
am_cv_prog_cc_c_o=yes
lt_cv_ar_at_file=@
lt_cv_archive_cmds_need_lc=no
lt_cv_deplibs_check_method=pass_all
lt_cv_file_magic_cmd='$MAGIC_CMD'
lt_cv_file_magic_test_file=
lt_cv_ld_reload_flag=-r
lt_cv_nm_interface='BSD nm'
lt_cv_objdir=.libs
lt_cv_path_LD=/usr/bin/ld
lt_cv_path_NM='/usr/bin/nm -B'
lt_cv_path_mainfest_tool=no
lt_cv_prog_compiler_c_o=yes
lt_cv_prog_compiler_pic='-fPIC -DPIC'
lt_cv_prog_compiler_pic_works=yes
lt_cv_prog_compiler_rtti_exceptions=no
lt_cv_prog_compiler_static_works=no
lt_cv_prog_gnu_ld=yes
lt_cv_sharedlib_from_linklib_cmd='printf %s\n'
lt_cv_shlibpath_overrides_runpath=no
lt_cv_sys_global_symbol_pipe='sed -n -e '\''s/^.*[	 ]\([ABCDGIRSTW][ABCDGIRSTW]*\)[	 ][	 ]*\([_A-Za-z][_A-Za-z0-9]*\)$/\1 \2 \2/p'\'' | sed '\''/ __gnu_lto/d'\'''
lt_cv_sys_global_symbol_to_c_name_address='sed -n -e '\''s/^: \([^ ]*\)[ ]*$/  {\"\1\", (void *) 0},/p'\'' -e '\''s/^[ABCDGIRSTW]* \([^ ]*\) \([^ ]*\)$/  {"\2", (void *) \&\2},/p'\'''
lt_cv_sys_global_symbol_to_c_name_address_lib_prefix='sed -n -e '\''s/^: \([^ ]*\)[ ]*$/  {\"\1\", (void *) 0},/p'\'' -e '\''s/^[ABCDGIRSTW]* \([^ ]*\) \(lib[^ ]*\)$/  {"\2", (void *) \&\2},/p'\'' -e '\''s/^[ABCDGIRSTW]* \([^ ]*\) \([^ ]*\)$/  {"lib\2", (void *) \&\2},/p'\'''
lt_cv_sys_global_symbol_to_cdecl='sed -n -e '\''s/^T .* \(.*\)$/extern int \1();/p'\'' -e '\''s/^[ABCDGIRSTW]* .* \(.*\)$/extern char \1;/p'\'''
lt_cv_sys_max_cmd_len=1572864
lt_cv_to_host_file_cmd=func_convert_file_noop
lt_cv_to_tool_file_cmd=func_convert_file_noop
pkg_cv_LIBXML2_CFLAGS='-I/usr/include/libxml2  '
pkg_cv_LIBXML2_LIBS='-lxml2  '

## ----------------- ##
## Output variables. ##
## ----------------- ##

ACLOCAL='aclocal-1.15'
AMDEPBACKSLASH='\'
AMDEP_FALSE='#'
AMDEP_TRUE=''
AMTAR='$${TAR-tar}'
AM_BACKSLASH='\'
AM_DEFAULT_V='$(AM_DEFAULT_VERBOSITY)'
AM_DEFAULT_VERBOSITY='1'
AM_V='$(V)'
ANDROID_FALSE=''
ANDROID_TRUE='#'
AR='ar'
AS='as'
AUTOCONF='autoconf'
AUTOHEADER='autoheader'
AUTOMAKE='automake-1.15'
AWK='gawk'
CC='gcc'
CCDEPMODE='depmode=gcc3'
CFLAGS='-g -O2'
CPP='gcc -E'
CPPFLAGS=''
CXX='g++'
CXXCPP=''
CXXDEPMODE='depmode=none'
CXXFLAGS=''
CYGPATH_W='echo'
DEFS='-DHAVE_CONFIG_H'
DEPDIR='.deps'
DLLTOOL='dlltool'
DSYMUTIL=''
DUMPBIN=''
ECHO_C=''
ECHO_N='-n'
ECHO_T=''
EGREP='/usr/bin/grep -E'
ENABLE_EXAMPLES_FALSE='#'
ENABLE_EXAMPLES_TRUE=''
ENABLE_GEOPACKAGE_FALSE='#'
ENABLE_GEOPACKAGE_TRUE=''
EXEEXT=''
FGREP='/usr/bin/grep -F'
GEOSCONFIG='/usr/bin/geos-config'
GEOS_CFLAGS='-I/usr/include'
GEOS_LDFLAGS='-L/usr/lib64'
GREP='/usr/bin/grep'
INSTALL_DATA='${INSTALL} -m 644'
INSTALL_PROGRAM='${INSTALL}'
INSTALL_SCRIPT='${INSTALL}'
INSTALL_STRIP_PROGRAM='$(install_sh) -c -s'
LD='/usr/bin/ld -m elf_x86_64'
LDFLAGS=''
LIBOBJS=''
LIBS='-lproj -lz -lsqlite3  -L/usr/lib64 -lgeos_c'
LIBTOOL='$(SHELL) $(top_builddir)/libtool'
LIBXML2_CFLAGS='-I/usr/include/libxml2  '
LIBXML2_LIBS='-lxml2  '
LIPO=''
LN_S='ln -s'
LTLIBOBJS=''
MACOSX_FALSE=''
MACOSX_TRUE='#'
MAINT='#'
MAINTAINER_MODE_FALSE=''
MAINTAINER_MODE_TRUE='#'
MAKEINFO='makeinfo'
MANIFEST_TOOL=':'
MINGW_FALSE=''
MINGW_TRUE='#'
MKDIR_P='/usr/bin/mkdir -p'
MODULE_ONLY_FALSE=''
MODULE_ONLY_TRUE='#'
NM='/usr/bin/nm -B'
NMEDIT=''
OBJDUMP='objdump'
OBJEXT='o'
OTOOL64=''
OTOOL=''
PACKAGE='libspatialite'
PACKAGE_BUGREPORT='a.furieri@lqt.it'
PACKAGE_NAME='libspatialite'
PACKAGE_STRING='libspatialite 4.5.0-devel'
PACKAGE_TARNAME='libspatialite'
PACKAGE_URL=''
PACKAGE_VERSION='4.5.0-devel'
PATH_SEPARATOR=':'
PKG_CONFIG='/usr/bin/pkg-config'
PKG_CONFIG_LIBDIR=''
PKG_CONFIG_PATH=''
RANLIB='ranlib'
SED='/usr/bin/sed'
SET_MAKE=''
SHELL='/bin/sh'
STRIP='strip'
VERSION='4.5.0-devel'
ac_ct_AR='ar'
ac_ct_CC='gcc'
ac_ct_CXX=''
ac_ct_DUMPBIN=''
am__EXEEXT_FALSE=''
am__EXEEXT_TRUE='#'
am__fastdepCC_FALSE='#'
am__fastdepCC_TRUE=''
am__fastdepCXX_FALSE=''
am__fastdepCXX_TRUE='#'
am__include='include'
am__isrc=''
am__leading_dot='.'
am__nodep='_no'
am__quote=''
am__tar='$${TAR-tar} chof - "$$tardir"'
am__untar='$${TAR-tar} xf -'
bindir='${exec_prefix}/bin'
build='x86_64-pc-linux-gnu'
build_alias=''
build_cpu='x86_64'
build_os='linux-gnu'
build_vendor='pc'
datadir='${datarootdir}'
datarootdir='${prefix}/share'
docdir='${datarootdir}/doc/${PACKAGE_TARNAME}'
dvidir='${docdir}'
exec_prefix='${prefix}'
host='x86_64-pc-linux-gnu'
host_alias=''
host_cpu='x86_64'
host_os='linux-gnu'
host_vendor='pc'
htmldir='${docdir}'
includedir='${prefix}/include'
infodir='${datarootdir}/info'
install_sh='${SHELL} /home/cent/emgsdr_src/libspatialite/install-sh'
libdir='${exec_prefix}/lib'
libexecdir='${exec_prefix}/libexec'
localedir='${datarootdir}/locale'
localstatedir='${prefix}/var'
mandir='${datarootdir}/man'
mkdir_p='$(MKDIR_P)'
oldincludedir='/usr/include'
pdfdir='${docdir}'
prefix='/usr/local'
program_transform_name='s,x,x,'
psdir='${docdir}'
sbindir='${exec_prefix}/sbin'
sharedstatedir='${prefix}/com'
sysconfdir='${prefix}/etc'
target_alias=''

## ----------- ##
## confdefs.h. ##
## ----------- ##

/* confdefs.h */
#define PACKAGE_NAME "libspatialite"
#define PACKAGE_TARNAME "libspatialite"
#define PACKAGE_VERSION "4.5.0-devel"
#define PACKAGE_STRING "libspatialite 4.5.0-devel"
#define PACKAGE_BUGREPORT "a.furieri@lqt.it"
#define PACKAGE_URL ""
#define PACKAGE "libspatialite"
#define VERSION "4.5.0-devel"
#define _LARGE_FILE 1
#define _FILE_OFFSET_BITS 64
#define _LARGEFILE_SOURCE 1
#define NDEBUG 1
#define STDC_HEADERS 1
#define HAVE_SYS_TYPES_H 1
#define HAVE_SYS_STAT_H 1
#define HAVE_STDLIB_H 1
#define HAVE_STRING_H 1
#define HAVE_MEMORY_H 1
#define HAVE_STRINGS_H 1
#define HAVE_INTTYPES_H 1
#define HAVE_STDINT_H 1
#define HAVE_UNISTD_H 1
#define HAVE_STDLIB_H 1
#define HAVE_STDIO_H 1
#define HAVE_STRING_H 1
#define HAVE_MEMORY_H 1
#define HAVE_MATH_H 1
#define HAVE_FLOAT_H 1
#define HAVE_FCNTL_H 1
#define HAVE_INTTYPES_H 1
#define HAVE_STDDEF_H 1
#define HAVE_STDINT_H 1
#define HAVE_SYS_TIME_H 1
#define HAVE_UNISTD_H 1
#define HAVE_SQLITE3_H 1
#define HAVE_SQLITE3EXT_H 1
#define HAVE_ZLIB_H 1
#define HAVE_DLFCN_H 1
#define LT_OBJDIR ".libs/"
#define TIME_WITH_SYS_TIME 1
#define LSTAT_FOLLOWS_SLASHED_SYMLINK 1
#define LSTAT_FOLLOWS_SLASHED_SYMLINK 1
#define HAVE_STRFTIME 1
#define HAVE_MEMSET 1
#define HAVE_STRCASECMP 1
#define HAVE_STRERROR 1
#define HAVE_STRNCASECMP 1
#define HAVE_STRSTR 1
#define HAVE_FDATASYNC 1
#define HAVE_FTRUNCATE 1
#define HAVE_GETCWD 1
#define HAVE_GETTIMEOFDAY 1
#define HAVE_LOCALTIME_R 1
#define HAVE_MEMMOVE 1
#define HAVE_STRERROR 1
#define HAVE_LIBSQLITE3 1
#define HAVE_LIBZ 1
#define TARGET_CPU "x86_64-redhat-linux"
#define OMIT_GEOCALLBACKS 1
#define OMIT_KNN 1
#define HAVE_PROJ_API_H 1
#define HAVE_ICONV_H 1
#define OMIT_FREEXL 1
#define HAVE_GEOS_C_H 1
#define GEOS_ADVANCED 1
#define ENABLE_LIBXML2 1
#define ENABLE_GEOPACKAGE 1
#define HAVE_DECL_SQLITE_INDEX_CONSTRAINT_LIKE 1

configure: exit 0
